GROUP,PACKAGE,CLASS,INSTRUCTION_MISSED,INSTRUCTION_COVERED,BRANCH_MISSED,BRANCH_COVERED,LINE_MISSED,LINE_COVERED,COMPLEXITY_MISSED,COMPLEXITY_COVERED,METHOD_MISSED,METHOD_COVERED
command-Line-Interface,default,Destination,0,27,0,0,0,2,0,1,0,1
command-Line-Interface,default,TravelerType,0,15,0,0,0,2,0,1,0,1
command-Line-Interface,default,AirlineCustomer,0,86,0,0,0,27,0,18,0,18
command-Line-Interface,default,TravelClass,0,15,0,0,0,2,0,1,0,1
command-Line-Interface,default,TypeFare,0,15,0,0,0,6,0,3,0,3
command-Line-Interface,default,FareRecommendationSystem,42,160,9,53,7,43,8,29,1,5
command-Line-Interface,default,testing2,3,132,0,2,1,33,1,2,1,1
